2021-11-25 18:54:05
dataset_splite.ipynb
MAX_LENGTH： 100
current_datasets_path： /home/chengkun/jupyter_projects/Magic-NLPer-main/data/en_zh/
parallel_corpus： news_en_zh_shuffle_final.txt
pairs num= 171915
经过过滤后平行语料数目为： 171915
训练集句子数目： 161754
验证集句子数目： 5158
测试集句子数目： 5003
2021-11-25 18:54:13
 
dep.ipynb
MAX_LENGTH: 100
current_datasets_path: /home/chengkun/jupyter_projects/Magic-NLPer-main/data/en_zh/
161754 将 这 些 个 人 加 到 被 官 方 失 业 统 计 口 径 中 ， 则 有 1 5 的 潜 在 劳 动 参 与 者 不 能 如 愿 工 作 。 
 但 难 民 和 经 济 移 民 之 间 的 界 限 逐 渐 模 糊 。
0 2021-11-25 18:54:17
5000 2021-11-25 18:58:27
10000 2021-11-25 19:01:49
15000 2021-11-25 19:05:10
20000 2021-11-25 19:08:40
25000 2021-11-25 19:12:03
30000 2021-11-25 19:15:22
35000 2021-11-25 19:18:44
40000 2021-11-25 19:22:09
45000 2021-11-25 19:25:39
50000 2021-11-25 19:28:56
55000 2021-11-25 19:32:14
60000 2021-11-25 19:35:36
65000 2021-11-25 19:39:04
70000 2021-11-25 19:42:27
75000 2021-11-25 19:45:41
80000 2021-11-25 19:49:10
85000 2021-11-25 19:52:36
90000 2021-11-25 19:55:55
95000 2021-11-25 19:59:23
100000 2021-11-25 20:02:39
105000 2021-11-25 20:05:59
110000 2021-11-25 20:09:28
115000 2021-11-25 20:12:52
120000 2021-11-25 20:16:15
125000 2021-11-25 20:19:38
130000 2021-11-25 20:23:02
135000 2021-11-25 20:26:26
140000 2021-11-25 20:29:43
145000 2021-11-25 20:33:08
150000 2021-11-25 20:36:32
155000 2021-11-25 20:39:51
160000 2021-11-25 20:43:13
2021-11-25 20:44:25
2021-11-25 20:44:25
 
dep_save.ipynb
ngpu： 2
batch： 120
MAX_LENGTH： 100
current_datasets_path： /home/chengkun/jupyter_projects/Magic-NLPer-main/data/en_zh/
训练集句子数目： 161754
验证集句子数目： 5158
测试集句子数目： 5003
ds_train
29 ['<start>', 'adding', 'these', 'individuals', 'to', 'those', 'officially', 'classified', 'as', 'unemployed', 'implies', 'that', 'about', '1', '5', 'of', 'potential', 'labor', '-', 'force', 'participants', 'are', 'working', 'less', 'than', 'they', 'want', '.', '<end>']
39 ['<start>', '将', '这', '些', '个', '人', '加', '到', '被', '官', '方', '失', '业', '统', '计', '口', '径', '中', '，', '则', '有', '1', '5', '的', '潜', '在', '劳', '动', '参', '与', '者', '不', '能', '如', '愿', '工', '作', '。', '<end>']
模型大小与词表大小正相关，控制词表大小
0-20：<unk> <pad> the , <end> <start> . to of and in a is that ’ - s for 0 it

input_vocab_size： 40949
target_vocab_size： 4245
len(train_dataloader): 674
len(val_dataloader): 22
len(test_dataloader): 21
2021-11-25_20:44:32
已删除旧文件dep_train_batch_pairs
1 torch.Size([240, 101, 101])
2 torch.Size([240, 101, 101])
3 torch.Size([240, 101, 101])
4 torch.Size([240, 101, 101])
5 torch.Size([240, 101, 101])
6 torch.Size([240, 101, 101])
7 torch.Size([240, 101, 101])
8 torch.Size([240, 101, 101])
9 torch.Size([240, 101, 101])
10 torch.Size([240, 101, 101])
11 torch.Size([240, 101, 101])
12 torch.Size([240, 101, 101])
13 torch.Size([240, 101, 101])
14 torch.Size([240, 101, 101])
15 torch.Size([240, 101, 101])
16 torch.Size([240, 101, 101])
17 torch.Size([240, 101, 101])
18 torch.Size([240, 101, 101])
19 torch.Size([240, 101, 101])
20 torch.Size([240, 101, 101])
21 torch.Size([240, 101, 101])
22 torch.Size([240, 101, 101])
23 torch.Size([240, 101, 101])
24 torch.Size([240, 101, 101])
25 torch.Size([240, 101, 101])
26 torch.Size([240, 101, 101])
27 torch.Size([240, 101, 101])
28 torch.Size([240, 101, 101])
29 torch.Size([240, 101, 101])
30 torch.Size([240, 101, 101])
31 torch.Size([240, 101, 101])
32 torch.Size([240, 101, 101])
33 torch.Size([240, 101, 101])
34 torch.Size([240, 101, 101])
35 torch.Size([240, 101, 101])
36 torch.Size([240, 101, 101])
37 torch.Size([240, 101, 101])
38 torch.Size([240, 101, 101])
39 torch.Size([240, 101, 101])
40 torch.Size([240, 101, 101])
41 torch.Size([240, 101, 101])
42 torch.Size([240, 101, 101])
43 torch.Size([240, 101, 101])
44 torch.Size([240, 101, 101])
45 torch.Size([240, 101, 101])
46 torch.Size([240, 101, 101])
47 torch.Size([240, 101, 101])
48 torch.Size([240, 101, 101])
49 torch.Size([240, 101, 101])
50 torch.Size([240, 101, 101])
51 torch.Size([240, 101, 101])
52 torch.Size([240, 101, 101])
53 torch.Size([240, 101, 101])
54 torch.Size([240, 101, 101])
55 torch.Size([240, 101, 101])
56 torch.Size([240, 101, 101])
57 torch.Size([240, 101, 101])
58 torch.Size([240, 101, 101])
59 torch.Size([240, 101, 101])
60 torch.Size([240, 101, 101])
61 torch.Size([240, 101, 101])
62 torch.Size([240, 101, 101])
63 torch.Size([240, 101, 101])
64 torch.Size([240, 101, 101])
65 torch.Size([240, 101, 101])
66 torch.Size([240, 101, 101])
67 torch.Size([240, 101, 101])
68 torch.Size([240, 101, 101])
69 torch.Size([240, 101, 101])
70 torch.Size([240, 101, 101])
71 torch.Size([240, 101, 101])
72 torch.Size([240, 101, 101])
73 torch.Size([240, 101, 101])
74 torch.Size([240, 101, 101])
75 torch.Size([240, 101, 101])
76 torch.Size([240, 101, 101])
77 torch.Size([240, 101, 101])
78 torch.Size([240, 101, 101])
79 torch.Size([240, 101, 101])
80 torch.Size([240, 101, 101])
81 torch.Size([240, 101, 101])
82 torch.Size([240, 101, 101])
83 torch.Size([240, 101, 101])
84 torch.Size([240, 101, 101])
85 torch.Size([240, 101, 101])
86 torch.Size([240, 101, 101])
87 torch.Size([240, 101, 101])
88 torch.Size([240, 101, 101])
89 torch.Size([240, 101, 101])
90 torch.Size([240, 101, 101])
91 torch.Size([240, 101, 101])
92 torch.Size([240, 101, 101])
93 torch.Size([240, 101, 101])
94 torch.Size([240, 101, 101])
95 torch.Size([240, 101, 101])
96 torch.Size([240, 101, 101])
97 torch.Size([240, 101, 101])
98 torch.Size([240, 101, 101])
99 torch.Size([240, 101, 101])
100 torch.Size([240, 101, 101])
101 torch.Size([240, 101, 101])
102 torch.Size([240, 101, 101])
103 torch.Size([240, 101, 101])
104 torch.Size([240, 101, 101])
105 torch.Size([240, 101, 101])
106 torch.Size([240, 101, 101])
107 torch.Size([240, 101, 101])
108 torch.Size([240, 101, 101])
109 torch.Size([240, 101, 101])
110 torch.Size([240, 101, 101])
111 torch.Size([240, 101, 101])
112 torch.Size([240, 101, 101])
113 torch.Size([240, 101, 101])
114 torch.Size([240, 101, 101])
115 torch.Size([240, 101, 101])
116 torch.Size([240, 101, 101])
117 torch.Size([240, 101, 101])
118 torch.Size([240, 101, 101])
119 torch.Size([240, 101, 101])
120 torch.Size([240, 101, 101])
121 torch.Size([240, 101, 101])
122 torch.Size([240, 101, 101])
123 torch.Size([240, 101, 101])
124 torch.Size([240, 101, 101])
125 torch.Size([240, 101, 101])
126 torch.Size([240, 101, 101])
127 torch.Size([240, 101, 101])
128 torch.Size([240, 101, 101])
129 torch.Size([240, 101, 101])
130 torch.Size([240, 101, 101])
131 torch.Size([240, 101, 101])
132 torch.Size([240, 101, 101])
133 torch.Size([240, 101, 101])
134 torch.Size([240, 101, 101])
135 torch.Size([240, 101, 101])
136 torch.Size([240, 101, 101])
137 torch.Size([240, 101, 101])
138 torch.Size([240, 101, 101])
139 torch.Size([240, 101, 101])
140 torch.Size([240, 101, 101])
141 torch.Size([240, 101, 101])
142 torch.Size([240, 101, 101])
143 torch.Size([240, 101, 101])
144 torch.Size([240, 101, 101])
145 torch.Size([240, 101, 101])
146 torch.Size([240, 101, 101])
147 torch.Size([240, 101, 101])
148 torch.Size([240, 101, 101])
149 torch.Size([240, 101, 101])
150 torch.Size([240, 101, 101])
151 torch.Size([240, 101, 101])
152 torch.Size([240, 101, 101])
153 torch.Size([240, 101, 101])
154 torch.Size([240, 101, 101])
155 torch.Size([240, 101, 101])
156 torch.Size([240, 101, 101])
157 torch.Size([240, 101, 101])
158 torch.Size([240, 101, 101])
159 torch.Size([240, 101, 101])
160 torch.Size([240, 101, 101])
161 torch.Size([240, 101, 101])
162 torch.Size([240, 101, 101])
163 torch.Size([240, 101, 101])
164 torch.Size([240, 101, 101])
165 torch.Size([240, 101, 101])
166 torch.Size([240, 101, 101])
167 torch.Size([240, 101, 101])
168 torch.Size([240, 101, 101])
169 torch.Size([240, 101, 101])
170 torch.Size([240, 101, 101])
171 torch.Size([240, 101, 101])
172 torch.Size([240, 101, 101])
173 torch.Size([240, 101, 101])
174 torch.Size([240, 101, 101])
175 torch.Size([240, 101, 101])
176 torch.Size([240, 101, 101])
177 torch.Size([240, 101, 101])
178 torch.Size([240, 101, 101])
179 torch.Size([240, 101, 101])
180 torch.Size([240, 101, 101])
181 torch.Size([240, 101, 101])
182 torch.Size([240, 101, 101])
183 torch.Size([240, 101, 101])
184 torch.Size([240, 101, 101])
185 torch.Size([240, 101, 101])
186 torch.Size([240, 101, 101])
187 torch.Size([240, 101, 101])
188 torch.Size([240, 101, 101])
189 torch.Size([240, 101, 101])
190 torch.Size([240, 101, 101])
191 torch.Size([240, 101, 101])
192 torch.Size([240, 101, 101])
193 torch.Size([240, 101, 101])
194 torch.Size([240, 101, 101])
195 torch.Size([240, 101, 101])
196 torch.Size([240, 101, 101])
197 torch.Size([240, 101, 101])
198 torch.Size([240, 101, 101])
199 torch.Size([240, 101, 101])
200 torch.Size([240, 101, 101])
201 torch.Size([240, 101, 101])
202 torch.Size([240, 101, 101])
203 torch.Size([240, 101, 101])
204 torch.Size([240, 101, 101])
205 torch.Size([240, 101, 101])
206 torch.Size([240, 101, 101])
207 torch.Size([240, 101, 101])
208 torch.Size([240, 101, 101])
209 torch.Size([240, 101, 101])
210 torch.Size([240, 101, 101])
211 torch.Size([240, 101, 101])
212 torch.Size([240, 101, 101])
213 torch.Size([240, 101, 101])
214 torch.Size([240, 101, 101])
215 torch.Size([240, 101, 101])
216 torch.Size([240, 101, 101])
217 torch.Size([240, 101, 101])
218 torch.Size([240, 101, 101])
219 torch.Size([240, 101, 101])
220 torch.Size([240, 101, 101])
221 torch.Size([240, 101, 101])
222 torch.Size([240, 101, 101])
223 torch.Size([240, 101, 101])
224 torch.Size([240, 101, 101])
225 torch.Size([240, 101, 101])
226 torch.Size([240, 101, 101])
227 torch.Size([240, 101, 101])
228 torch.Size([240, 101, 101])
229 torch.Size([240, 101, 101])
230 torch.Size([240, 101, 101])
231 torch.Size([240, 101, 101])
232 torch.Size([240, 101, 101])
233 torch.Size([240, 101, 101])
234 torch.Size([240, 101, 101])
235 torch.Size([240, 101, 101])
236 torch.Size([240, 101, 101])
237 torch.Size([240, 101, 101])
238 torch.Size([240, 101, 101])
239 torch.Size([240, 101, 101])
240 torch.Size([240, 101, 101])
241 torch.Size([240, 101, 101])
242 torch.Size([240, 101, 101])
243 torch.Size([240, 101, 101])
244 torch.Size([240, 101, 101])
245 torch.Size([240, 101, 101])
246 torch.Size([240, 101, 101])
247 torch.Size([240, 101, 101])
248 torch.Size([240, 101, 101])
249 torch.Size([240, 101, 101])
250 torch.Size([240, 101, 101])
251 torch.Size([240, 101, 101])
252 torch.Size([240, 101, 101])
253 torch.Size([240, 101, 101])
254 torch.Size([240, 101, 101])
255 torch.Size([240, 101, 101])
256 torch.Size([240, 101, 101])
257 torch.Size([240, 101, 101])
258 torch.Size([240, 101, 101])
259 torch.Size([240, 101, 101])
260 torch.Size([240, 101, 101])
261 torch.Size([240, 101, 101])
262 torch.Size([240, 101, 101])
263 torch.Size([240, 101, 101])
264 torch.Size([240, 101, 101])
265 torch.Size([240, 101, 101])
266 torch.Size([240, 101, 101])
267 torch.Size([240, 101, 101])
268 torch.Size([240, 101, 101])
269 torch.Size([240, 101, 101])
270 torch.Size([240, 101, 101])
271 torch.Size([240, 101, 101])
272 torch.Size([240, 101, 101])
273 torch.Size([240, 101, 101])
274 torch.Size([240, 101, 101])
275 torch.Size([240, 101, 101])
276 torch.Size([240, 101, 101])
277 torch.Size([240, 101, 101])
278 torch.Size([240, 101, 101])
279 torch.Size([240, 101, 101])
280 torch.Size([240, 101, 101])
281 torch.Size([240, 101, 101])
282 torch.Size([240, 101, 101])
283 torch.Size([240, 101, 101])
284 torch.Size([240, 101, 101])
285 torch.Size([240, 101, 101])
286 torch.Size([240, 101, 101])
287 torch.Size([240, 101, 101])
288 torch.Size([240, 101, 101])
289 torch.Size([240, 101, 101])
290 torch.Size([240, 101, 101])
291 torch.Size([240, 101, 101])
292 torch.Size([240, 101, 101])
293 torch.Size([240, 101, 101])
294 torch.Size([240, 101, 101])
295 torch.Size([240, 101, 101])
296 torch.Size([240, 101, 101])
297 torch.Size([240, 101, 101])
298 torch.Size([240, 101, 101])
299 torch.Size([240, 101, 101])
300 torch.Size([240, 101, 101])
301 torch.Size([240, 101, 101])
302 torch.Size([240, 101, 101])
303 torch.Size([240, 101, 101])
304 torch.Size([240, 101, 101])
305 torch.Size([240, 101, 101])
306 torch.Size([240, 101, 101])
307 torch.Size([240, 101, 101])
308 torch.Size([240, 101, 101])
309 torch.Size([240, 101, 101])
310 torch.Size([240, 101, 101])
311 torch.Size([240, 101, 101])
312 torch.Size([240, 101, 101])
313 torch.Size([240, 101, 101])
314 torch.Size([240, 101, 101])
315 torch.Size([240, 101, 101])
316 torch.Size([240, 101, 101])
317 torch.Size([240, 101, 101])
318 torch.Size([240, 101, 101])
319 torch.Size([240, 101, 101])
320 torch.Size([240, 101, 101])
321 torch.Size([240, 101, 101])
322 torch.Size([240, 101, 101])
323 torch.Size([240, 101, 101])
324 torch.Size([240, 101, 101])
325 torch.Size([240, 101, 101])
326 torch.Size([240, 101, 101])
327 torch.Size([240, 101, 101])
328 torch.Size([240, 101, 101])
329 torch.Size([240, 101, 101])
330 torch.Size([240, 101, 101])
331 torch.Size([240, 101, 101])
332 torch.Size([240, 101, 101])
333 torch.Size([240, 101, 101])
334 torch.Size([240, 101, 101])
335 torch.Size([240, 101, 101])
336 torch.Size([240, 101, 101])
337 torch.Size([240, 101, 101])
338 torch.Size([240, 101, 101])
339 torch.Size([240, 101, 101])
340 torch.Size([240, 101, 101])
341 torch.Size([240, 101, 101])
342 torch.Size([240, 101, 101])
343 torch.Size([240, 101, 101])
344 torch.Size([240, 101, 101])
345 torch.Size([240, 101, 101])
346 torch.Size([240, 101, 101])
347 torch.Size([240, 101, 101])
348 torch.Size([240, 101, 101])
349 torch.Size([240, 101, 101])
350 torch.Size([240, 101, 101])
351 torch.Size([240, 101, 101])
352 torch.Size([240, 101, 101])
353 torch.Size([240, 101, 101])
354 torch.Size([240, 101, 101])
355 torch.Size([240, 101, 101])
356 torch.Size([240, 101, 101])
357 torch.Size([240, 101, 101])
358 torch.Size([240, 101, 101])
359 torch.Size([240, 101, 101])
360 torch.Size([240, 101, 101])
361 torch.Size([240, 101, 101])
362 torch.Size([240, 101, 101])
363 torch.Size([240, 101, 101])
364 torch.Size([240, 101, 101])
365 torch.Size([240, 101, 101])
366 torch.Size([240, 101, 101])
367 torch.Size([240, 101, 101])
368 torch.Size([240, 101, 101])
369 torch.Size([240, 101, 101])
370 torch.Size([240, 101, 101])
371 torch.Size([240, 101, 101])
372 torch.Size([240, 101, 101])
373 torch.Size([240, 101, 101])
374 torch.Size([240, 101, 101])
375 torch.Size([240, 101, 101])
376 torch.Size([240, 101, 101])
377 torch.Size([240, 101, 101])
378 torch.Size([240, 101, 101])
379 torch.Size([240, 101, 101])
380 torch.Size([240, 101, 101])
381 torch.Size([240, 101, 101])
382 torch.Size([240, 101, 101])
383 torch.Size([240, 101, 101])
384 torch.Size([240, 101, 101])
385 torch.Size([240, 101, 101])
386 torch.Size([240, 101, 101])
387 torch.Size([240, 101, 101])
388 torch.Size([240, 101, 101])
389 torch.Size([240, 101, 101])
390 torch.Size([240, 101, 101])
391 torch.Size([240, 101, 101])
392 torch.Size([240, 101, 101])
393 torch.Size([240, 101, 101])
394 torch.Size([240, 101, 101])
395 torch.Size([240, 101, 101])
396 torch.Size([240, 101, 101])
397 torch.Size([240, 101, 101])
398 torch.Size([240, 101, 101])
399 torch.Size([240, 101, 101])
400 torch.Size([240, 101, 101])
401 torch.Size([240, 101, 101])
402 torch.Size([240, 101, 101])
403 torch.Size([240, 101, 101])
404 torch.Size([240, 101, 101])
405 torch.Size([240, 101, 101])
406 torch.Size([240, 101, 101])
407 torch.Size([240, 101, 101])
408 torch.Size([240, 101, 101])
409 torch.Size([240, 101, 101])
410 torch.Size([240, 101, 101])
411 torch.Size([240, 101, 101])
412 torch.Size([240, 101, 101])
413 torch.Size([240, 101, 101])
414 torch.Size([240, 101, 101])
415 torch.Size([240, 101, 101])
416 torch.Size([240, 101, 101])
417 torch.Size([240, 101, 101])
418 torch.Size([240, 101, 101])
419 torch.Size([240, 101, 101])
420 torch.Size([240, 101, 101])
421 torch.Size([240, 101, 101])
422 torch.Size([240, 101, 101])
423 torch.Size([240, 101, 101])
424 torch.Size([240, 101, 101])
425 torch.Size([240, 101, 101])
426 torch.Size([240, 101, 101])
427 torch.Size([240, 101, 101])
428 torch.Size([240, 101, 101])
429 torch.Size([240, 101, 101])
430 torch.Size([240, 101, 101])
431 torch.Size([240, 101, 101])
432 torch.Size([240, 101, 101])
433 torch.Size([240, 101, 101])
434 torch.Size([240, 101, 101])
435 torch.Size([240, 101, 101])
436 torch.Size([240, 101, 101])
437 torch.Size([240, 101, 101])
438 torch.Size([240, 101, 101])
439 torch.Size([240, 101, 101])
440 torch.Size([240, 101, 101])
441 torch.Size([240, 101, 101])
442 torch.Size([240, 101, 101])
443 torch.Size([240, 101, 101])
444 torch.Size([240, 101, 101])
445 torch.Size([240, 101, 101])
446 torch.Size([240, 101, 101])
447 torch.Size([240, 101, 101])
448 torch.Size([240, 101, 101])
449 torch.Size([240, 101, 101])
450 torch.Size([240, 101, 101])
451 torch.Size([240, 101, 101])
452 torch.Size([240, 101, 101])
453 torch.Size([240, 101, 101])
454 torch.Size([240, 101, 101])
455 torch.Size([240, 101, 101])
456 torch.Size([240, 101, 101])
457 torch.Size([240, 101, 101])
458 torch.Size([240, 101, 101])
459 torch.Size([240, 101, 101])
460 torch.Size([240, 101, 101])
461 torch.Size([240, 101, 101])
462 torch.Size([240, 101, 101])
463 torch.Size([240, 101, 101])
464 torch.Size([240, 101, 101])
465 torch.Size([240, 101, 101])
466 torch.Size([240, 101, 101])
467 torch.Size([240, 101, 101])
468 torch.Size([240, 101, 101])
469 torch.Size([240, 101, 101])
470 torch.Size([240, 101, 101])
471 torch.Size([240, 101, 101])
472 torch.Size([240, 101, 101])
473 torch.Size([240, 101, 101])
474 torch.Size([240, 101, 101])
475 torch.Size([240, 101, 101])
476 torch.Size([240, 101, 101])
477 torch.Size([240, 101, 101])
478 torch.Size([240, 101, 101])
479 torch.Size([240, 101, 101])
480 torch.Size([240, 101, 101])
481 torch.Size([240, 101, 101])
482 torch.Size([240, 101, 101])
483 torch.Size([240, 101, 101])
484 torch.Size([240, 101, 101])
485 torch.Size([240, 101, 101])
486 torch.Size([240, 101, 101])
487 torch.Size([240, 101, 101])
488 torch.Size([240, 101, 101])
489 torch.Size([240, 101, 101])
490 torch.Size([240, 101, 101])
491 torch.Size([240, 101, 101])
492 torch.Size([240, 101, 101])
493 torch.Size([240, 101, 101])
494 torch.Size([240, 101, 101])
495 torch.Size([240, 101, 101])
496 torch.Size([240, 101, 101])
497 torch.Size([240, 101, 101])
498 torch.Size([240, 101, 101])
499 torch.Size([240, 101, 101])
500 torch.Size([240, 101, 101])
501 torch.Size([240, 101, 101])
502 torch.Size([240, 101, 101])
503 torch.Size([240, 101, 101])
504 torch.Size([240, 101, 101])
505 torch.Size([240, 101, 101])
506 torch.Size([240, 101, 101])
507 torch.Size([240, 101, 101])
508 torch.Size([240, 101, 101])
509 torch.Size([240, 101, 101])
510 torch.Size([240, 101, 101])
511 torch.Size([240, 101, 101])
512 torch.Size([240, 101, 101])
513 torch.Size([240, 101, 101])
514 torch.Size([240, 101, 101])
515 torch.Size([240, 101, 101])
516 torch.Size([240, 101, 101])
517 torch.Size([240, 101, 101])
518 torch.Size([240, 101, 101])
519 torch.Size([240, 101, 101])
520 torch.Size([240, 101, 101])
521 torch.Size([240, 101, 101])
522 torch.Size([240, 101, 101])
523 torch.Size([240, 101, 101])
524 torch.Size([240, 101, 101])
525 torch.Size([240, 101, 101])
526 torch.Size([240, 101, 101])
527 torch.Size([240, 101, 101])
528 torch.Size([240, 101, 101])
529 torch.Size([240, 101, 101])
530 torch.Size([240, 101, 101])
531 torch.Size([240, 101, 101])
532 torch.Size([240, 101, 101])
533 torch.Size([240, 101, 101])
534 torch.Size([240, 101, 101])
535 torch.Size([240, 101, 101])
536 torch.Size([240, 101, 101])
537 torch.Size([240, 101, 101])
538 torch.Size([240, 101, 101])
539 torch.Size([240, 101, 101])
540 torch.Size([240, 101, 101])
541 torch.Size([240, 101, 101])
542 torch.Size([240, 101, 101])
543 torch.Size([240, 101, 101])
544 torch.Size([240, 101, 101])
545 torch.Size([240, 101, 101])
546 torch.Size([240, 101, 101])
547 torch.Size([240, 101, 101])
548 torch.Size([240, 101, 101])
549 torch.Size([240, 101, 101])
550 torch.Size([240, 101, 101])
551 torch.Size([240, 101, 101])
552 torch.Size([240, 101, 101])
553 torch.Size([240, 101, 101])
554 torch.Size([240, 101, 101])
555 torch.Size([240, 101, 101])
556 torch.Size([240, 101, 101])
557 torch.Size([240, 101, 101])
558 torch.Size([240, 101, 101])
559 torch.Size([240, 101, 101])
560 torch.Size([240, 101, 101])
561 torch.Size([240, 101, 101])
562 torch.Size([240, 101, 101])
563 torch.Size([240, 101, 101])
564 torch.Size([240, 101, 101])
565 torch.Size([240, 101, 101])
566 torch.Size([240, 101, 101])
567 torch.Size([240, 101, 101])
568 torch.Size([240, 101, 101])
569 torch.Size([240, 101, 101])
570 torch.Size([240, 101, 101])
571 torch.Size([240, 101, 101])
572 torch.Size([240, 101, 101])
573 torch.Size([240, 101, 101])
574 torch.Size([240, 101, 101])
575 torch.Size([240, 101, 101])
576 torch.Size([240, 101, 101])
577 torch.Size([240, 101, 101])
578 torch.Size([240, 101, 101])
579 torch.Size([240, 101, 101])
580 torch.Size([240, 101, 101])
581 torch.Size([240, 101, 101])
582 torch.Size([240, 101, 101])
583 torch.Size([240, 101, 101])
584 torch.Size([240, 101, 101])
585 torch.Size([240, 101, 101])
586 torch.Size([240, 101, 101])
587 torch.Size([240, 101, 101])
588 torch.Size([240, 101, 101])
589 torch.Size([240, 101, 101])
590 torch.Size([240, 101, 101])
591 torch.Size([240, 101, 101])
592 torch.Size([240, 101, 101])
593 torch.Size([240, 101, 101])
594 torch.Size([240, 101, 101])
595 torch.Size([240, 101, 101])
596 torch.Size([240, 101, 101])
597 torch.Size([240, 101, 101])
598 torch.Size([240, 101, 101])
599 torch.Size([240, 101, 101])
600 torch.Size([240, 101, 101])
601 torch.Size([240, 101, 101])
602 torch.Size([240, 101, 101])
603 torch.Size([240, 101, 101])
604 torch.Size([240, 101, 101])
605 torch.Size([240, 101, 101])
606 torch.Size([240, 101, 101])
607 torch.Size([240, 101, 101])
608 torch.Size([240, 101, 101])
609 torch.Size([240, 101, 101])
610 torch.Size([240, 101, 101])
611 torch.Size([240, 101, 101])
612 torch.Size([240, 101, 101])
613 torch.Size([240, 101, 101])
614 torch.Size([240, 101, 101])
615 torch.Size([240, 101, 101])
616 torch.Size([240, 101, 101])
617 torch.Size([240, 101, 101])
618 torch.Size([240, 101, 101])
619 torch.Size([240, 101, 101])
620 torch.Size([240, 101, 101])
621 torch.Size([240, 101, 101])
622 torch.Size([240, 101, 101])
623 torch.Size([240, 101, 101])
624 torch.Size([240, 101, 101])
625 torch.Size([240, 101, 101])
626 torch.Size([240, 101, 101])
627 torch.Size([240, 101, 101])
628 torch.Size([240, 101, 101])
629 torch.Size([240, 101, 101])
630 torch.Size([240, 101, 101])
631 torch.Size([240, 101, 101])
632 torch.Size([240, 101, 101])
633 torch.Size([240, 101, 101])
634 torch.Size([240, 101, 101])
635 torch.Size([240, 101, 101])
636 torch.Size([240, 101, 101])
637 torch.Size([240, 101, 101])
638 torch.Size([240, 101, 101])
639 torch.Size([240, 101, 101])
640 torch.Size([240, 101, 101])
641 torch.Size([240, 101, 101])
642 torch.Size([240, 101, 101])
643 torch.Size([240, 101, 101])
644 torch.Size([240, 101, 101])
645 torch.Size([240, 101, 101])
646 torch.Size([240, 101, 101])
647 torch.Size([240, 101, 101])
648 torch.Size([240, 101, 101])
649 torch.Size([240, 101, 101])
650 torch.Size([240, 101, 101])
651 torch.Size([240, 101, 101])
652 torch.Size([240, 101, 101])
653 torch.Size([240, 101, 101])
654 torch.Size([240, 101, 101])
655 torch.Size([240, 101, 101])
656 torch.Size([240, 101, 101])
657 torch.Size([240, 101, 101])
658 torch.Size([240, 101, 101])
659 torch.Size([240, 101, 101])
660 torch.Size([240, 101, 101])
661 torch.Size([240, 101, 101])
662 torch.Size([240, 101, 101])
663 torch.Size([240, 101, 101])
664 torch.Size([240, 101, 101])
665 torch.Size([240, 101, 101])
666 torch.Size([240, 101, 101])
667 torch.Size([240, 101, 101])
668 torch.Size([240, 101, 101])
669 torch.Size([240, 101, 101])
670 torch.Size([240, 101, 101])
671 torch.Size([240, 101, 101])
672 torch.Size([240, 101, 101])
673 torch.Size([240, 101, 101])
674 torch.Size([234, 101, 101])
2021-11-25_21:20:26
运行结束
2022-09-09 22:23:14
bash: cd: /home/chengkun/jupyter_projects/Magic-NLPer-main/re/dep_process/: No such file or directory
Traceback (most recent call last):
  File "./dataset_splite.py", line 8, in <module>
    import torchtext
ModuleNotFoundError: No module named 'torchtext'
2022-09-09 22:23:18
 
dep.ipynb
MAX_LENGTH: 100
current_datasets_path: C:/Program Files/Git/home/chengkun/jupyter_projects/Magic-NLPer-main/data/en_zh/
Traceback (most recent call last):
  File "./dep.py", line 46, in <module>
    with open(train_pairs_path,'rb') as f:
FileNotFoundError: [Errno 2] No such file or directory: 'C:/Program Files/Git/home/chengkun/jupyter_projects/Magic-NLPer-main/data/en_zh/train_pairs'
